C:\SC\OSCPACK_1_1_0\BUILD\OSCDUMP.DIR\DEBUG\OSCDUMP.OBJ
C:\SC\OSCPACK_1_1_0\BUILD\OSCDUMP.DIR\DEBUG\VC110.PDB
C:\SC\OSCPACK_1_1_0\BUILD\CMAKEFILES\GENERATE.STAMP
C:\SC\OSCPACK_1_1_0\BUILD\DEBUG\OSCDUMP.ILK
C:\SC\OSCPACK_1_1_0\BUILD\DEBUG\OSCDUMP.EXE
C:\SC\OSCPACK_1_1_0\BUILD\DEBUG\OSCDUMP.PDB
C:\sc\oscpack_1_1_0\build\OscDump.dir\Debug\OscDump.vcxprojResolveAssemblyReference.cache
C:\sc\oscpack_1_1_0\build\OscDump.dir\Debug\OscDump.obj
C:\sc\oscpack_1_1_0\build\OscDump.dir\Debug\cl.command.1.tlog
C:\sc\oscpack_1_1_0\build\OscDump.dir\Debug\CL.read.1.tlog
C:\sc\oscpack_1_1_0\build\OscDump.dir\Debug\CL.write.1.tlog
C:\sc\oscpack_1_1_0\build\OscDump.dir\Debug\custombuild.command.1.tlog
C:\sc\oscpack_1_1_0\build\OscDump.dir\Debug\custombuild.read.1.tlog
C:\sc\oscpack_1_1_0\build\OscDump.dir\Debug\custombuild.write.1.tlog
C:\sc\oscpack_1_1_0\build\OscDump.dir\Debug\link-cvtres.read.1.tlog
C:\sc\oscpack_1_1_0\build\OscDump.dir\Debug\link-cvtres.write.1.tlog
C:\sc\oscpack_1_1_0\build\OscDump.dir\Debug\link-rc.read.1.tlog
C:\sc\oscpack_1_1_0\build\OscDump.dir\Debug\link-rc.write.1.tlog
C:\sc\oscpack_1_1_0\build\OscDump.dir\Debug\link.command.1.tlog
C:\sc\oscpack_1_1_0\build\OscDump.dir\Debug\link.read.1.tlog
C:\sc\oscpack_1_1_0\build\OscDump.dir\Debug\link.write.1.tlog
C:\sc\oscpack_1_1_0\build\OscDump.dir\Debug\vc110.pdb
C:\sc\oscpack_1_1_0\build\Debug\OscDump.pdb
C:\sc\oscpack_1_1_0\build\Debug\OscDump.exe
C:\sc\oscpack_1_1_0\build\Debug\OscDump.ilk
