C:\SC\OSCPACK_1_1_0\BUILD\SIMPLERECEIVE.DIR\DEBUG\SIMPLERECEIVE.OBJ
C:\SC\OSCPACK_1_1_0\BUILD\SIMPLERECEIVE.DIR\DEBUG\VC110.PDB
C:\SC\OSCPACK_1_1_0\BUILD\CMAKEFILES\GENERATE.STAMP
C:\SC\OSCPACK_1_1_0\BUILD\DEBUG\SIMPLERECEIVE.ILK
C:\SC\OSCPACK_1_1_0\BUILD\DEBUG\SIMPLERECEIVE.EXE
C:\SC\OSCPACK_1_1_0\BUILD\DEBUG\SIMPLERECEIVE.PDB
C:\sc\oscpack_1_1_0\build\SimpleReceive.dir\Debug\SimpleReceive.obj
C:\sc\oscpack_1_1_0\build\SimpleReceive.dir\Debug\cl.command.1.tlog
C:\sc\oscpack_1_1_0\build\SimpleReceive.dir\Debug\CL.read.1.tlog
C:\sc\oscpack_1_1_0\build\SimpleReceive.dir\Debug\CL.write.1.tlog
C:\sc\oscpack_1_1_0\build\SimpleReceive.dir\Debug\custombuild.command.1.tlog
C:\sc\oscpack_1_1_0\build\SimpleReceive.dir\Debug\custombuild.read.1.tlog
C:\sc\oscpack_1_1_0\build\SimpleReceive.dir\Debug\custombuild.write.1.tlog
C:\sc\oscpack_1_1_0\build\SimpleReceive.dir\Debug\link-cvtres.read.1.tlog
C:\sc\oscpack_1_1_0\build\SimpleReceive.dir\Debug\link-cvtres.write.1.tlog
C:\sc\oscpack_1_1_0\build\SimpleReceive.dir\Debug\link-rc.read.1.tlog
C:\sc\oscpack_1_1_0\build\SimpleReceive.dir\Debug\link-rc.write.1.tlog
C:\sc\oscpack_1_1_0\build\SimpleReceive.dir\Debug\link.command.1.tlog
C:\sc\oscpack_1_1_0\build\SimpleReceive.dir\Debug\link.read.1.tlog
C:\sc\oscpack_1_1_0\build\SimpleReceive.dir\Debug\link.write.1.tlog
C:\sc\oscpack_1_1_0\build\SimpleReceive.dir\Debug\vc110.pdb
C:\sc\oscpack_1_1_0\build\Debug\SimpleReceive.pdb
C:\sc\oscpack_1_1_0\build\Debug\SimpleReceive.exe
C:\sc\oscpack_1_1_0\build\Debug\SimpleReceive.ilk
