C:\SC\OSCPACK_1_1_0\BUILD\SIMPLESEND.DIR\DEBUG\SIMPLESEND.OBJ
C:\SC\OSCPACK_1_1_0\BUILD\SIMPLESEND.DIR\DEBUG\VC110.PDB
C:\SC\OSCPACK_1_1_0\BUILD\CMAKEFILES\GENERATE.STAMP
C:\SC\OSCPACK_1_1_0\BUILD\DEBUG\SIMPLESEND.ILK
C:\SC\OSCPACK_1_1_0\BUILD\DEBUG\SIMPLESEND.EXE
C:\SC\OSCPACK_1_1_0\BUILD\DEBUG\SIMPLESEND.PDB
C:\sc\oscpack_1_1_0\build\SimpleSend.dir\Debug\SimpleSend.obj
C:\sc\oscpack_1_1_0\build\SimpleSend.dir\Debug\cl.command.1.tlog
C:\sc\oscpack_1_1_0\build\SimpleSend.dir\Debug\CL.read.1.tlog
C:\sc\oscpack_1_1_0\build\SimpleSend.dir\Debug\CL.write.1.tlog
C:\sc\oscpack_1_1_0\build\SimpleSend.dir\Debug\custombuild.command.1.tlog
C:\sc\oscpack_1_1_0\build\SimpleSend.dir\Debug\custombuild.read.1.tlog
C:\sc\oscpack_1_1_0\build\SimpleSend.dir\Debug\custombuild.write.1.tlog
C:\sc\oscpack_1_1_0\build\SimpleSend.dir\Debug\link-cvtres.read.1.tlog
C:\sc\oscpack_1_1_0\build\SimpleSend.dir\Debug\link-cvtres.write.1.tlog
C:\sc\oscpack_1_1_0\build\SimpleSend.dir\Debug\link-rc.read.1.tlog
C:\sc\oscpack_1_1_0\build\SimpleSend.dir\Debug\link-rc.write.1.tlog
C:\sc\oscpack_1_1_0\build\SimpleSend.dir\Debug\link.command.1.tlog
C:\sc\oscpack_1_1_0\build\SimpleSend.dir\Debug\link.read.1.tlog
C:\sc\oscpack_1_1_0\build\SimpleSend.dir\Debug\link.write.1.tlog
C:\sc\oscpack_1_1_0\build\SimpleSend.dir\Debug\vc110.pdb
C:\sc\oscpack_1_1_0\build\Debug\SimpleSend.pdb
C:\sc\oscpack_1_1_0\build\Debug\SimpleSend.exe
C:\sc\oscpack_1_1_0\build\Debug\SimpleSend.ilk
