Build started 3/9/2015 2:23:21 PM.
     1>Project "C:\sc\oscpack_1_1_0\build\oscpack.vcxproj" on node 2 (Rebuild target(s)).
     1>CustomBuild:
         Building Custom Rule C:/sc/oscpack_1_1_0/CMakeLists.txt
         CMake does not need to re-run because C:\sc\oscpack_1_1_0\build\CMakeFiles\generate.stamp is up-to-date.
       ClCompile:
         C:\Program Files (x86)\Microsoft Visual Studio 11.0\VC\bin\CL.exe /c /IC:\sc\oscpack_1_1_0 /Zi /nologo /W4 /WX- /Od /Ob0 /Oy- /D WIN32 /D _WINDOWS /D _DEBUG /D "CMAKE_INTDIR=\"Debug\"" /D _MBCS /Gm- /EHsc /RTC1 /MDd /GS /fp:precise /Zc:wchar_t /Zc:forScope /GR /Fo"oscpack.dir\Debug\\" /Fd"oscpack.dir\Debug\vc110.pdb" /Gd /TP /analyze- /errorReport:prompt C:\sc\oscpack_1_1_0\ip\IpEndpointName.cpp C:\sc\oscpack_1_1_0\ip\win32\NetworkingUtils.cpp C:\sc\oscpack_1_1_0\ip\win32\UdpSocket.cpp C:\sc\oscpack_1_1_0\osc\OscTypes.cpp C:\sc\oscpack_1_1_0\osc\OscReceivedElements.cpp C:\sc\oscpack_1_1_0\osc\OscPrintReceivedElements.cpp C:\sc\oscpack_1_1_0\osc\OscOutboundPacketStream.cpp
         IpEndpointName.cpp
     1>C:\sc\oscpack_1_1_0\ip\IpEndpointName.cpp(53): warning C4996: 'sprintf': This function or variable may be unsafe. Consider using sprintf_s instead. To disable deprecation, use _CRT_SECURE_NO_WARNINGS. See online help for details.
                 C:\Program Files (x86)\Microsoft Visual Studio 11.0\VC\include\stdio.h(357) : see declaration of 'sprintf'
     1>C:\sc\oscpack_1_1_0\ip\IpEndpointName.cpp(59): warning C4996: 'sprintf': This function or variable may be unsafe. Consider using sprintf_s instead. To disable deprecation, use _CRT_SECURE_NO_WARNINGS. See online help for details.
                 C:\Program Files (x86)\Microsoft Visual Studio 11.0\VC\include\stdio.h(357) : see declaration of 'sprintf'
     1>C:\sc\oscpack_1_1_0\ip\IpEndpointName.cpp(68): warning C4996: 'sprintf': This function or variable may be unsafe. Consider using sprintf_s instead. To disable deprecation, use _CRT_SECURE_NO_WARNINGS. See online help for details.
                 C:\Program Files (x86)\Microsoft Visual Studio 11.0\VC\include\stdio.h(357) : see declaration of 'sprintf'
     1>C:\sc\oscpack_1_1_0\ip\IpEndpointName.cpp(74): warning C4996: 'sprintf': This function or variable may be unsafe. Consider using sprintf_s instead. To disable deprecation, use _CRT_SECURE_NO_WARNINGS. See online help for details.
                 C:\Program Files (x86)\Microsoft Visual Studio 11.0\VC\include\stdio.h(357) : see declaration of 'sprintf'
     1>C:\sc\oscpack_1_1_0\ip\IpEndpointName.cpp(78): warning C4996: 'sprintf': This function or variable may be unsafe. Consider using sprintf_s instead. To disable deprecation, use _CRT_SECURE_NO_WARNINGS. See online help for details.
                 C:\Program Files (x86)\Microsoft Visual Studio 11.0\VC\include\stdio.h(357) : see declaration of 'sprintf'
     1>C:\sc\oscpack_1_1_0\ip\IpEndpointName.cpp(85): warning C4996: 'sprintf': This function or variable may be unsafe. Consider using sprintf_s instead. To disable deprecation, use _CRT_SECURE_NO_WARNINGS. See online help for details.
                 C:\Program Files (x86)\Microsoft Visual Studio 11.0\VC\include\stdio.h(357) : see declaration of 'sprintf'
         NetworkingUtils.cpp
         UdpSocket.cpp
         OscTypes.cpp
         OscReceivedElements.cpp
         OscPrintReceivedElements.cpp
     1>C:\sc\oscpack_1_1_0\osc\OscPrintReceivedElements.cpp(129): warning C4996: 'ctime': This function or variable may be unsafe. Consider using ctime_s instead. To disable deprecation, use _CRT_SECURE_NO_WARNINGS. See online help for details.
                 C:\Program Files (x86)\Microsoft Visual Studio 11.0\VC\include\time.inl(86) : see declaration of 'ctime'
         OscOutboundPacketStream.cpp
     1>C:\sc\oscpack_1_1_0\osc\OscOutboundPacketStream.cpp(363): warning C4996: 'strcpy': This function or variable may be unsafe. Consider using strcpy_s instead. To disable deprecation, use _CRT_SECURE_NO_WARNINGS. See online help for details.
                 C:\Program Files (x86)\Microsoft Visual Studio 11.0\VC\include\string.h(110) : see declaration of 'strcpy'
     1>C:\sc\oscpack_1_1_0\osc\OscOutboundPacketStream.cpp(605): warning C4996: 'strcpy': This function or variable may be unsafe. Consider using strcpy_s instead. To disable deprecation, use _CRT_SECURE_NO_WARNINGS. See online help for details.
                 C:\Program Files (x86)\Microsoft Visual Studio 11.0\VC\include\string.h(110) : see declaration of 'strcpy'
     1>C:\sc\oscpack_1_1_0\osc\OscOutboundPacketStream.cpp(625): warning C4996: 'strcpy': This function or variable may be unsafe. Consider using strcpy_s instead. To disable deprecation, use _CRT_SECURE_NO_WARNINGS. See online help for details.
                 C:\Program Files (x86)\Microsoft Visual Studio 11.0\VC\include\string.h(110) : see declaration of 'strcpy'
         Generating Code...
       Lib:
         C:\Program Files (x86)\Microsoft Visual Studio 11.0\VC\bin\Lib.exe /OUT:"C:\sc\oscpack_1_1_0\build\Debug\oscpack.lib" /NOLOGO oscpack.dir\Debug\IpEndpointName.obj
         oscpack.dir\Debug\NetworkingUtils.obj
         oscpack.dir\Debug\UdpSocket.obj
         oscpack.dir\Debug\OscTypes.obj
         oscpack.dir\Debug\OscReceivedElements.obj
         oscpack.dir\Debug\OscPrintReceivedElements.obj
         oscpack.dir\Debug\OscOutboundPacketStream.obj
         oscpack.vcxproj -> C:\sc\oscpack_1_1_0\build\Debug\oscpack.lib
     1>Done Building Project "C:\sc\oscpack_1_1_0\build\oscpack.vcxproj" (Rebuild target(s)).

Build succeeded.

Time Elapsed 00:00:01.85
