C:\SC\OSCPACK_1_1_0\BUILD\OSCPACK.DIR\DEBUG\OSCOUTBOUNDPACKETSTREAM.OBJ
C:\SC\OSCPACK_1_1_0\BUILD\OSCPACK.DIR\DEBUG\OSCPRINTRECEIVEDELEMENTS.OBJ
C:\SC\OSCPACK_1_1_0\BUILD\OSCPACK.DIR\DEBUG\OSCRECEIVEDELEMENTS.OBJ
C:\SC\OSCPACK_1_1_0\BUILD\OSCPACK.DIR\DEBUG\OSCTYPES.OBJ
C:\SC\OSCPACK_1_1_0\BUILD\OSCPACK.DIR\DEBUG\UDPSOCKET.OBJ
C:\SC\OSCPACK_1_1_0\BUILD\OSCPACK.DIR\DEBUG\NETWORKINGUTILS.OBJ
C:\SC\OSCPACK_1_1_0\BUILD\OSCPACK.DIR\DEBUG\IPENDPOINTNAME.OBJ
C:\SC\OSCPACK_1_1_0\BUILD\OSCPACK.DIR\DEBUG\VC110.PDB
C:\SC\OSCPACK_1_1_0\BUILD\CMAKEFILES\GENERATE.STAMP
C:\SC\OSCPACK_1_1_0\BUILD\DEBUG\OSCPACK.LIB
C:\sc\oscpack_1_1_0\build\oscpack.dir\Debug\IpEndpointName.obj
C:\sc\oscpack_1_1_0\build\oscpack.dir\Debug\NetworkingUtils.obj
C:\sc\oscpack_1_1_0\build\oscpack.dir\Debug\OscOutboundPacketStream.obj
C:\sc\oscpack_1_1_0\build\oscpack.dir\Debug\OscPrintReceivedElements.obj
C:\sc\oscpack_1_1_0\build\oscpack.dir\Debug\OscReceivedElements.obj
C:\sc\oscpack_1_1_0\build\oscpack.dir\Debug\OscTypes.obj
C:\sc\oscpack_1_1_0\build\oscpack.dir\Debug\UdpSocket.obj
C:\sc\oscpack_1_1_0\build\oscpack.dir\Debug\cl.command.1.tlog
C:\sc\oscpack_1_1_0\build\oscpack.dir\Debug\CL.read.1.tlog
C:\sc\oscpack_1_1_0\build\oscpack.dir\Debug\CL.write.1.tlog
C:\sc\oscpack_1_1_0\build\oscpack.dir\Debug\custombuild.command.1.tlog
C:\sc\oscpack_1_1_0\build\oscpack.dir\Debug\custombuild.read.1.tlog
C:\sc\oscpack_1_1_0\build\oscpack.dir\Debug\custombuild.write.1.tlog
C:\sc\oscpack_1_1_0\build\oscpack.dir\Debug\Lib-link.read.1.tlog
C:\sc\oscpack_1_1_0\build\oscpack.dir\Debug\Lib-link.write.1.tlog
C:\sc\oscpack_1_1_0\build\oscpack.dir\Debug\lib.command.1.tlog
C:\sc\oscpack_1_1_0\build\oscpack.dir\Debug\vc110.pdb
C:\sc\oscpack_1_1_0\build\Debug\oscpack.lib
